<?xml version="1.0" encoding="UTF-8"?>
<testsuite name="basicSelenium.BasicSelenium" tests="1" skipped="0" failures="0" errors="0" timestamp="2022-07-22T02:26:35" hostname="DESKTOP-O7U64G5" time="15.258">
  <properties/>
  <testcase name="cambiarPassword()" classname="basicSelenium.BasicSelenium" time="15.258"/>
  <system-out><![CDATA[]]></system-out>
  <system-err><![CDATA[SLF4J: Failed to load class "org.slf4j.impl.StaticLoggerBinder".
SLF4J: Defaulting to no-operation (NOP) logger implementation
SLF4J: See http://www.slf4j.org/codes.html#StaticLoggerBinder for further details.
Starting ChromeDriver 103.0.5060.134 (8ec6fce403b3feb0869b0732eda8bd95011d333c-refs/branch-heads/5060@{#1262}) on port 50746
Only local connections are allowed.
Please see https://chromedriver.chromium.org/security-considerations for suggestions on keeping ChromeDriver safe.
ChromeDriver was started successfully.
jul. 21, 2022 10:26:38 P. M. org.openqa.selenium.remote.ProtocolHandshake createSession
INFORMACIÓN: Detected upstream dialect: W3C
jul. 21, 2022 10:26:38 P. M. org.openqa.selenium.devtools.CdpVersionFinder findNearestMatch
INFORMACIÓN: Found exact CDP implementation for version 103
]]></system-err>
</testsuite>
